<?xml version="1.0" encoding="UTF-8"?>
<testng-results skipped="0" failed="0" ignored="0" total="1" passed="1">
  <reporter-output>
  </reporter-output>
  <suite name="Default suite" duration-ms="15563" started-at="2020-10-15T15:59:46Z" finished-at="2020-10-15T16:00:02Z">
    <groups>
    </groups>
    <test name="Default test" duration-ms="15563" started-at="2020-10-15T15:59:46Z" finished-at="2020-10-15T16:00:02Z">
      <class name="com.webappsecurity.zero.TestScript.VerifyFundTransferTest">
        <test-method status="PASS" signature="openApplication()[pri:0, instance:com.webappsecurity.zero.TestScript.VerifyFundTransferTest@475530b9]" name="openApplication" is-config="true" duration-ms="7244" started-at="2020-10-15T11:59:46Z" finished-at="2020-10-15T11:59:53Z">
          <reporter-output>
          </reporter-output>
        </test-method> <!-- openApplication -->
        <test-method status="PASS" signature="verifyFundTransfer()[pri:0, instance:com.webappsecurity.zero.TestScript.VerifyFundTransferTest@475530b9]" name="verifyFundTransfer" duration-ms="8064" started-at="2020-10-15T11:59:54Z" finished-at="2020-10-15T12:00:02Z">
          <reporter-output>
          </reporter-output>
        </test-method> <!-- verifyFundTransfer -->
        <test-method status="PASS" signature="closeApplication()[pri:0, instance:com.webappsecurity.zero.TestScript.VerifyFundTransferTest@475530b9]" name="closeApplication" is-config="true" duration-ms="233" started-at="2020-10-15T12:00:02Z" finished-at="2020-10-15T12:00:02Z">
          <reporter-output>
          </reporter-output>
        </test-method> <!-- closeApplication -->
      </class> <!-- com.webappsecurity.zero.TestScript.VerifyFundTransferTest -->
    </test> <!-- Default test -->
  </suite> <!-- Default suite -->
</testng-results>
